GeoIP: Минск, Минская область, Беларусь

Полученные показания датчиков / Latest Sensors Readings, UTC+3
2017-05-23 15:52:09  46.216.168.***  TCP
#SI-M8-00-12-34-56#SIM800+Sensor
#Temp1#26.94
#Temp2#27.00
#Temp3#26.94
##

2017-05-23 15:47:01  46.216.168.***  TCP
#SI-M8-00-12-34-56#SIM800+Sensor
#Temp1#27.00
#Temp2#27.06
#Temp3#27.00
#Vbat#11.76
##

2017-05-23 15:41:53  46.216.246.*** TCP
#SI-M8-00-12-34-56#SIM800+Sensor
#Temp1#27.00
#Temp2#27.06
#Temp3#27.00
#Vbat#11.78
##

2017-05-23 15:36:45  46.216.168.***  TCP
#SI-M8-00-12-34-56#SIM800+Sensor
#Temp1#27.06
#Temp2#27.19
#Temp3#27.12
#Vbat#11.58
##

2017-05-23 15:31:37  46.216.247.***  TCP
#SI-M8-00-12-34-56#SIM800+Sensor
#Temp1#27.12
#Temp2#27.19
#Temp3#27.12
#Vbat#11.73
##

2017-05-23 15:26:30  46.216.168.***  TCP
#SI-M8-00-12-34-56#SIM800+Sensor
#Temp1#27.19
#Temp2#27.25
#Temp3#27.19
#Vbat#11.69
##
